<?xml version="1.0" encoding="utf-8"?>
<test-run id="2" testcasecount="40" result="Skipped:Ignored" total="40" passed="27" failed="0" inconclusive="0" skipped="13" asserts="0" engine-version="3.5.0.0" clr-version="4.0.30319.42000" start-time="2026-04-08 23:36:59Z" end-time="2026-04-08 23:37:00Z" duration="0.1803318">
  <test-suite type="TestSuite" id="1000" name="VoxGeoFol" fullname="VoxGeoFol" runstate="Runnable" testcasecount="40" result="Skipped" label="Ignored" start-time="2026-04-08 23:36:59Z" end-time="2026-04-08 23:37:00Z" duration="0.180332" total="40" passed="27" failed="0" inconclusive="0" skipped="13" asserts="0">
    <properties>
      <property name="platform" value="EditMode" />
    </properties>
    <reason>
      <message><![CDATA[One or more child tests were ignored]]></message>
    </reason>
    <test-suite type="Assembly" id="1004" name="Tests.dll" fullname="C:/Users/admin/Documents/UnityProjects/VoxGeoFol/Library/ScriptAssemblies/Tests.dll" runstate="Runnable" testcasecount="2" result="Passed" start-time="2026-04-08 23:36:59Z" end-time="2026-04-08 23:37:00Z" duration="0.040063" total="2" passed="2" failed="0" inconclusive="0" skipped="0" asserts="0">
      <properties>
        <property name="_PID" value="78056" />
        <property name="_APPDOMAIN" value="Unity Child Domain" />
        <property name="platform" value="EditMode" />
        <property name="EditorOnly" value="True" />
      </properties>
      <test-suite type="TestFixture" id="1001" name="InitialTests" fullname="InitialTests" classname="InitialTests" runstate="Runnable" testcasecount="2" result="Passed" start-time="2026-04-08 23:36:59Z" end-time="2026-04-08 23:37:00Z" duration="0.038185" total="2" passed="2" failed="0" inconclusive="0" skipped="0" asserts="0">
        <properties />
        <test-case id="1002" name="InitialTestsSimplePasses" fullname="InitialTests.InitialTestsSimplePasses" methodname="InitialTestsSimplePasses" classname="InitialTests" runstate="Runnable" seed="1042825607" result="Passed" start-time="2026-04-08 23:36:59Z" end-time="2026-04-08 23:37:00Z" duration="0.011531" asserts="0">
          <properties>
            <property name="retryIteration" value="0" />
            <property name="repeatIteration" value="0" />
          </properties>
        </test-case>
        <test-case id="1003" name="InitialTestsWithEnumeratorPasses" fullname="InitialTests.InitialTestsWithEnumeratorPasses" methodname="InitialTestsWithEnumeratorPasses" classname="InitialTests" runstate="Runnable" seed="1618071919" result="Passed" start-time="2026-04-08 23:37:00Z" end-time="2026-04-08 23:37:00Z" duration="0.007903" asserts="0">
          <properties>
            <property name="_JOINTYPE" value="UnityCombinatorial" />
            <property name="retryIteration" value="0" />
            <property name="repeatIteration" value="0" />
          </properties>
        </test-case>
      </test-suite>
    </test-suite>
    <test-suite type="Assembly" id="1007" name="Unity.Addressables.DocExampleCode.Editor.Tests.dll" fullname="C:/Users/admin/Documents/UnityProjects/VoxGeoFol/Library/ScriptAssemblies/Unity.Addressables.DocExampleCode.Editor.Tests.dll" runstate="Runnable" testcasecount="1" result="Passed" start-time="2026-04-08 23:37:00Z" end-time="2026-04-08 23:37:00Z" duration="0.003146" total="1" passed="1" failed="0" inconclusive="0" skipped="0" asserts="0">
      <properties>
        <property name="_PID" value="78056" />
        <property name="_APPDOMAIN" value="Unity Child Domain" />
        <property name="platform" value="EditMode" />
        <property name="EditorOnly" value="True" />
      </properties>
      <test-suite type="TestSuite" id="1008" name="AddressableAssets" fullname="AddressableAssets" runstate="Runnable" testcasecount="1" result="Passed" start-time="2026-04-08 23:37:00Z" end-time="2026-04-08 23:37:00Z" duration="0.002504" total="1" passed="1" failed="0" inconclusive="0" skipped="0" asserts="0">
        <properties />
        <test-suite type="TestSuite" id="1009" name="DocExampleCode" fullname="AddressableAssets.DocExampleCode" runstate="Runnable" testcasecount="1" result="Passed" start-time="2026-04-08 23:37:00Z" end-time="2026-04-08 23:37:00Z" duration="0.002015" total="1" passed="1" failed="0" inconclusive="0" skipped="0" asserts="0">
          <properties />
          <test-suite type="TestFixture" id="1005" name="TestStub" fullname="AddressableAssets.DocExampleCode.TestStub" classname="AddressableAssets.DocExampleCode.TestStub" runstate="Runnable" testcasecount="1" result="Passed" start-time="2026-04-08 23:37:00Z" end-time="2026-04-08 23:37:00Z" duration="0.001539" total="1" passed="1" failed="0" inconclusive="0" skipped="0" asserts="0">
            <properties />
            <test-case id="1006" name="RequiredTest" fullname="AddressableAssets.DocExampleCode.TestStub.RequiredTest" methodname="RequiredTest" classname="AddressableAssets.DocExampleCode.TestStub" runstate="Runnable" seed="1503514734" result="Passed" start-time="2026-04-08 23:37:00Z" end-time="2026-04-08 23:37:00Z" duration="0.000467" asserts="0">
              <properties>
                <property name="retryIteration" value="0" />
                <property name="repeatIteration" value="0" />
              </properties>
            </test-case>
          </test-suite>
        </test-suite>
      </test-suite>
    </test-suite>
    <test-suite type="Assembly" id="1015" name="Unity.RenderPipelines.Universal.Config.Editor.Tests.dll" fullname="C:/Users/admin/Documents/UnityProjects/VoxGeoFol/Library/ScriptAssemblies/Unity.RenderPipelines.Universal.Config.Editor.Tests.dll" runstate="Runnable" testcasecount="1" result="Passed" start-time="2026-04-08 23:37:00Z" end-time="2026-04-08 23:37:00Z" duration="0.003654" total="1" passed="1" failed="0" inconclusive="0" skipped="0" asserts="0">
      <properties>
        <property name="_PID" value="78056" />
        <property name="_APPDOMAIN" value="Unity Child Domain" />
        <property name="platform" value="EditMode" />
        <property name="EditorOnly" value="True" />
      </properties>
      <test-suite type="TestSuite" id="1016" name="UnityEngine" fullname="UnityEngine" runstate="Runnable" testcasecount="1" result="Passed" start-time="2026-04-08 23:37:00Z" end-time="2026-04-08 23:37:00Z" duration="0.003173" total="1" passed="1" failed="0" inconclusive="0" skipped="0" asserts="0">
        <properties />
        <test-suite type="TestSuite" id="1017" name="Rendering" fullname="UnityEngine.Rendering" runstate="Runnable" testcasecount="1" result="Passed" start-time="2026-04-08 23:37:00Z" end-time="2026-04-08 23:37:00Z" duration="0.002769" total="1" passed="1" failed="0" inconclusive="0" skipped="0" asserts="0">
          <properties />
          <test-suite type="TestSuite" id="1018" name="Universal" fullname="UnityEngine.Rendering.Universal" runstate="Runnable" testcasecount="1" result="Passed" start-time="2026-04-08 23:37:00Z" end-time="2026-04-08 23:37:00Z" duration="0.002372" total="1" passed="1" failed="0" inconclusive="0" skipped="0" asserts="0">
            <properties />
            <test-suite type="TestSuite" id="1019" name="Test" fullname="UnityEngine.Rendering.Universal.Test" runstate="Runnable" testcasecount="1" result="Passed" start-time="2026-04-08 23:37:00Z" end-time="2026-04-08 23:37:00Z" duration="0.001928" total="1" passed="1" failed="0" inconclusive="0" skipped="0" asserts="0">
              <properties />
              <test-suite type="TestFixture" id="1013" name="ConfigurationTest" fullname="UnityEngine.Rendering.Universal.Test.ConfigurationTest" classname="UnityEngine.Rendering.Universal.Test.ConfigurationTest" runstate="Runnable" testcasecount="1" result="Passed" start-time="2026-04-08 23:37:00Z" end-time="2026-04-08 23:37:00Z" duration="0.001435" total="1" passed="1" failed="0" inconclusive="0" skipped="0" asserts="0">
                <properties />
                <test-case id="1014" name="ValidateConfiguration" fullname="UnityEngine.Rendering.Universal.Test.ConfigurationTest.ValidateConfiguration" methodname="ValidateConfiguration" classname="UnityEngine.Rendering.Universal.Test.ConfigurationTest" runstate="Runnable" seed="2044092718" result="Passed" start-time="2026-04-08 23:37:00Z" end-time="2026-04-08 23:37:00Z" duration="0.000194" asserts="0">
                  <properties>
                    <property name="retryIteration" value="0" />
                    <property name="repeatIteration" value="0" />
                  </properties>
                </test-case>
              </test-suite>
            </test-suite>
          </test-suite>
        </test-suite>
      </test-suite>
    </test-suite>
    <test-suite type="Assembly" id="1066" name="Vegetation.Tests.dll" fullname="C:/Users/admin/Documents/UnityProjects/VoxGeoFol/Library/ScriptAssemblies/Vegetation.Tests.dll" runstate="Runnable" testcasecount="36" result="Skipped" label="Ignored" start-time="2026-04-08 23:37:00Z" end-time="2026-04-08 23:37:00Z" duration="0.123801" total="36" passed="23" failed="0" inconclusive="0" skipped="13" asserts="0">
      <properties>
        <property name="_PID" value="78056" />
        <property name="_APPDOMAIN" value="Unity Child Domain" />
        <property name="platform" value="EditMode" />
        <property name="EditorOnly" value="True" />
      </properties>
      <reason>
        <message><![CDATA[One or more child tests were ignored]]></message>
      </reason>
      <test-suite type="TestFixture" id="1026" name="AuthoringValidationTests" fullname="AuthoringValidationTests" classname="AuthoringValidationTests" runstate="Runnable" testcasecount="19" result="Passed" start-time="2026-04-08 23:37:00Z" end-time="2026-04-08 23:37:00Z" duration="0.046439" total="19" passed="19" failed="0" inconclusive="0" skipped="0" asserts="0">
        <properties />
        <test-case id="1031" name="BranchPrototype_LocalBoundsContainWoodAndFoliage" fullname="AuthoringValidationTests.BranchPrototype_LocalBoundsContainWoodAndFoliage" methodname="BranchPrototype_LocalBoundsContainWoodAndFoliage" classname="AuthoringValidationTests" runstate="Runnable" seed="489770186" result="Passed" start-time="2026-04-08 23:37:00Z" end-time="2026-04-08 23:37:00Z" duration="0.016594" asserts="0">
          <properties>
            <property name="retryIteration" value="0" />
            <property name="repeatIteration" value="0" />
          </properties>
        </test-case>
        <test-case id="1028" name="BranchPrototype_NullFoliageMesh_FailsValidation" fullname="AuthoringValidationTests.BranchPrototype_NullFoliageMesh_FailsValidation" methodname="BranchPrototype_NullFoliageMesh_FailsValidation" classname="AuthoringValidationTests" runstate="Runnable" seed="1681247927" result="Passed" start-time="2026-04-08 23:37:00Z" end-time="2026-04-08 23:37:00Z" duration="0.000919" asserts="0">
          <properties>
            <property name="retryIteration" value="0" />
            <property name="repeatIteration" value="0" />
          </properties>
        </test-case>
        <test-case id="1027" name="BranchPrototype_NullWoodMesh_FailsValidation" fullname="AuthoringValidationTests.BranchPrototype_NullWoodMesh_FailsValidation" methodname="BranchPrototype_NullWoodMesh_FailsValidation" classname="AuthoringValidationTests" runstate="Runnable" seed="11699649" result="Passed" start-time="2026-04-08 23:37:00Z" end-time="2026-04-08 23:37:00Z" duration="0.000649" asserts="0">
          <properties>
            <property name="retryIteration" value="0" />
            <property name="repeatIteration" value="0" />
          </properties>
        </test-case>
        <test-case id="1034" name="BranchPrototype_ShellHierarchyChildOrderOutOfOctantOrder_FailsValidation" fullname="AuthoringValidationTests.BranchPrototype_ShellHierarchyChildOrderOutOfOctantOrder_FailsValidation" methodname="BranchPrototype_ShellHierarchyChildOrderOutOfOctantOrder_FailsValidation" classname="AuthoringValidationTests" runstate="Runnable" seed="1727072206" result="Passed" start-time="2026-04-08 23:37:00Z" end-time="2026-04-08 23:37:00Z" duration="0.003833" asserts="0">
          <properties>
            <property name="retryIteration" value="0" />
            <property name="repeatIteration" value="0" />
          </properties>
        </test-case>
        <test-case id="1033" name="BranchPrototype_ShellHierarchyTopology_FailsValidation" fullname="AuthoringValidationTests.BranchPrototype_ShellHierarchyTopology_FailsValidation" methodname="BranchPrototype_ShellHierarchyTopology_FailsValidation" classname="AuthoringValidationTests" runstate="Runnable" seed="988412394" result="Passed" start-time="2026-04-08 23:37:00Z" end-time="2026-04-08 23:37:00Z" duration="0.001145" asserts="0">
          <properties>
            <property name="retryIteration" value="0" />
            <property name="repeatIteration" value="0" />
          </properties>
        </test-case>
        <test-case id="1032" name="BranchPrototype_ShellHierarchyTriangleOrder_FailsValidation" fullname="AuthoringValidationTests.BranchPrototype_ShellHierarchyTriangleOrder_FailsValidation" methodname="BranchPrototype_ShellHierarchyTriangleOrder_FailsValidation" classname="AuthoringValidationTests" runstate="Runnable" seed="1550848907" result="Passed" start-time="2026-04-08 23:37:00Z" end-time="2026-04-08 23:37:00Z" duration="0.001558" asserts="0">
          <properties>
            <property name="retryIteration" value="0" />
            <property name="repeatIteration" value="0" />
          </properties>
        </test-case>
        <test-case id="1029" name="BranchPrototype_SourceMeshesMustBeReadable" fullname="AuthoringValidationTests.BranchPrototype_SourceMeshesMustBeReadable" methodname="BranchPrototype_SourceMeshesMustBeReadable" classname="AuthoringValidationTests" runstate="Runnable" seed="72878535" result="Passed" start-time="2026-04-08 23:37:00Z" end-time="2026-04-08 23:37:00Z" duration="0.001219" asserts="0">
          <properties>
            <property name="retryIteration" value="0" />
            <property name="repeatIteration" value="0" />
          </properties>
        </test-case>
        <test-case id="1030" name="BranchPrototype_TransparentMaterial_FailsValidation" fullname="AuthoringValidationTests.BranchPrototype_TransparentMaterial_FailsValidation" methodname="BranchPrototype_TransparentMaterial_FailsValidation" classname="AuthoringValidationTests" runstate="Runnable" seed="1929653945" result="Passed" start-time="2026-04-08 23:37:00Z" end-time="2026-04-08 23:37:00Z" duration="0.000765" asserts="0">
          <properties>
            <property name="retryIteration" value="0" />
            <property name="repeatIteration" value="0" />
          </properties>
        </test-case>
        <test-case id="1036" name="BranchPrototype_ValidHierarchy_PassesValidation" fullname="AuthoringValidationTests.BranchPrototype_ValidHierarchy_PassesValidation" methodname="BranchPrototype_ValidHierarchy_PassesValidation" classname="AuthoringValidationTests" runstate="Runnable" seed="67609989" result="Passed" start-time="2026-04-08 23:37:00Z" end-time="2026-04-08 23:37:00Z" duration="0.001616" asserts="0">
          <properties>
            <property name="retryIteration" value="0" />
            <property name="repeatIteration" value="0" />
          </properties>
        </test-case>
        <test-case id="1035" name="BranchPrototype_WoodTriangleOrder_SourceAndL1MustNotIncreaseTowardL2" fullname="AuthoringValidationTests.BranchPrototype_WoodTriangleOrder_SourceAndL1MustNotIncreaseTowardL2" methodname="BranchPrototype_WoodTriangleOrder_SourceAndL1MustNotIncreaseTowardL2" classname="AuthoringValidationTests" runstate="Runnable" seed="1854039630" result="Passed" start-time="2026-04-08 23:37:00Z" end-time="2026-04-08 23:37:00Z" duration="0.000930" asserts="0">
          <properties>
            <property name="retryIteration" value="0" />
            <property name="repeatIteration" value="0" />
          </properties>
        </test-case>
        <test-case id="1041" name="TreeBlueprint_BoundsContainAllBranches" fullname="AuthoringValidationTests.TreeBlueprint_BoundsContainAllBranches" methodname="TreeBlueprint_BoundsContainAllBranches" classname="AuthoringValidationTests" runstate="Runnable" seed="541888528" result="Passed" start-time="2026-04-08 23:37:00Z" end-time="2026-04-08 23:37:00Z" duration="0.005185" asserts="0">
          <properties>
            <property name="retryIteration" value="0" />
            <property name="repeatIteration" value="0" />
          </properties>
        </test-case>
        <test-case id="1039" name="TreeBlueprint_EmptyBranches_FailsValidation" fullname="AuthoringValidationTests.TreeBlueprint_EmptyBranches_FailsValidation" methodname="TreeBlueprint_EmptyBranches_FailsValidation" classname="AuthoringValidationTests" runstate="Runnable" seed="267230653" result="Passed" start-time="2026-04-08 23:37:00Z" end-time="2026-04-08 23:37:00Z" duration="0.000928" asserts="0">
          <properties>
            <property name="retryIteration" value="0" />
            <property name="repeatIteration" value="0" />
          </properties>
        </test-case>
        <test-case id="1043" name="TreeBlueprint_ImpostorTriangleBudget_Under200" fullname="AuthoringValidationTests.TreeBlueprint_ImpostorTriangleBudget_Under200" methodname="TreeBlueprint_ImpostorTriangleBudget_Under200" classname="AuthoringValidationTests" runstate="Runnable" seed="911989568" result="Passed" start-time="2026-04-08 23:37:00Z" end-time="2026-04-08 23:37:00Z" duration="0.000943" asserts="0">
          <properties>
            <property name="retryIteration" value="0" />
            <property name="repeatIteration" value="0" />
          </properties>
        </test-case>
        <test-case id="1040" name="TreeBlueprint_LODDistances_MonotonicallyIncreasing" fullname="AuthoringValidationTests.TreeBlueprint_LODDistances_MonotonicallyIncreasing" methodname="TreeBlueprint_LODDistances_MonotonicallyIncreasing" classname="AuthoringValidationTests" runstate="Runnable" seed="787281242" result="Passed" start-time="2026-04-08 23:37:00Z" end-time="2026-04-08 23:37:00Z" duration="0.000938" asserts="0">
          <properties>
            <property name="retryIteration" value="0" />
            <property name="repeatIteration" value="0" />
          </properties>
        </test-case>
        <test-case id="1037" name="TreeBlueprint_NullTrunk_FailsValidation" fullname="AuthoringValidationTests.TreeBlueprint_NullTrunk_FailsValidation" methodname="TreeBlueprint_NullTrunk_FailsValidation" classname="AuthoringValidationTests" runstate="Runnable" seed="2037874182" result="Passed" start-time="2026-04-08 23:37:00Z" end-time="2026-04-08 23:37:00Z" duration="0.000711" asserts="0">
          <properties>
            <property name="retryIteration" value="0" />
            <property name="repeatIteration" value="0" />
          </properties>
        </test-case>
        <test-case id="1038" name="TreeBlueprint_NullTrunkL3_FailsValidation" fullname="AuthoringValidationTests.TreeBlueprint_NullTrunkL3_FailsValidation" methodname="TreeBlueprint_NullTrunkL3_FailsValidation" classname="AuthoringValidationTests" runstate="Runnable" seed="1642126332" result="Passed" start-time="2026-04-08 23:37:00Z" end-time="2026-04-08 23:37:00Z" duration="0.000746" asserts="0">
          <properties>
            <property name="retryIteration" value="0" />
            <property name="repeatIteration" value="0" />
          </properties>
        </test-case>
        <test-case id="1044" name="TreeBlueprint_ScaleConstraint_OnlyAllowedValues" fullname="AuthoringValidationTests.TreeBlueprint_ScaleConstraint_OnlyAllowedValues" methodname="TreeBlueprint_ScaleConstraint_OnlyAllowedValues" classname="AuthoringValidationTests" runstate="Runnable" seed="1185494143" result="Passed" start-time="2026-04-08 23:37:00Z" end-time="2026-04-08 23:37:00Z" duration="0.000757" asserts="0">
          <properties>
            <property name="retryIteration" value="0" />
            <property name="repeatIteration" value="0" />
          </properties>
        </test-case>
        <test-case id="1042" name="TreeBlueprint_TrunkL3BoundsStayInsideTrunkBounds" fullname="AuthoringValidationTests.TreeBlueprint_TrunkL3BoundsStayInsideTrunkBounds" methodname="TreeBlueprint_TrunkL3BoundsStayInsideTrunkBounds" classname="AuthoringValidationTests" runstate="Runnable" seed="821461962" result="Passed" start-time="2026-04-08 23:37:00Z" end-time="2026-04-08 23:37:00Z" duration="0.000784" asserts="0">
          <properties>
            <property name="retryIteration" value="0" />
            <property name="repeatIteration" value="0" />
          </properties>
        </test-case>
        <test-case id="1045" name="TreeBlueprint_ValidBlueprint_PassesValidation" fullname="AuthoringValidationTests.TreeBlueprint_ValidBlueprint_PassesValidation" methodname="TreeBlueprint_ValidBlueprint_PassesValidation" classname="AuthoringValidationTests" runstate="Runnable" seed="887055283" result="Passed" start-time="2026-04-08 23:37:00Z" end-time="2026-04-08 23:37:00Z" duration="0.000956" asserts="0">
          <properties>
            <property name="retryIteration" value="0" />
            <property name="repeatIteration" value="0" />
          </properties>
        </test-case>
      </test-suite>
      <test-suite type="TestFixture" id="1046" name="CanopyShellGenerationTests" fullname="CanopyShellGenerationTests" classname="CanopyShellGenerationTests" runstate="Runnable" testcasecount="5" result="Skipped" label="Ignored" start-time="2026-04-08 23:37:00Z" end-time="2026-04-08 23:37:00Z" duration="0.002283" total="5" passed="0" failed="0" inconclusive="0" skipped="5" asserts="0">
        <properties />
        <reason>
          <message><![CDATA[One or more child tests were ignored]]></message>
        </reason>
        <test-case id="1050" name="BakeCanopyShells_PersistedHierarchiesPreserveAscendingOctantBitOrder" fullname="CanopyShellGenerationTests.BakeCanopyShells_PersistedHierarchiesPreserveAscendingOctantBitOrder" methodname="BakeCanopyShells_PersistedHierarchiesPreserveAscendingOctantBitOrder" classname="CanopyShellGenerationTests" runstate="Ignored" seed="21065689" result="Skipped" label="Ignored" start-time="2026-04-08 23:37:00Z" end-time="2026-04-08 23:37:00Z" duration="0.000213" asserts="0">
          <properties>
            <property name="_SKIPREASON" value="Takes too long, developer already verified in editor manually" />
          </properties>
          <reason>
            <message><![CDATA[Takes too long, developer already verified in editor manually]]></message>
          </reason>
        </test-case>
        <test-case id="1048" name="BakeCanopyShells_PersistedHierarchiesStayValidAndCompact" fullname="CanopyShellGenerationTests.BakeCanopyShells_PersistedHierarchiesStayValidAndCompact" methodname="BakeCanopyShells_PersistedHierarchiesStayValidAndCompact" classname="CanopyShellGenerationTests" runstate="Ignored" seed="1946400572" result="Skipped" label="Ignored" start-time="2026-04-08 23:37:00Z" end-time="2026-04-08 23:37:00Z" duration="0.000002" asserts="0">
          <properties>
            <property name="_SKIPREASON" value="Takes too long, developer already verified in editor manually" />
          </properties>
          <reason>
            <message><![CDATA[Takes too long, developer already verified in editor manually]]></message>
          </reason>
        </test-case>
        <test-case id="1049" name="BakeCanopyShells_TierMeshesDifferAndStayWithinSourceBounds" fullname="CanopyShellGenerationTests.BakeCanopyShells_TierMeshesDifferAndStayWithinSourceBounds" methodname="BakeCanopyShells_TierMeshesDifferAndStayWithinSourceBounds" classname="CanopyShellGenerationTests" runstate="Ignored" seed="388350988" result="Skipped" label="Ignored" start-time="2026-04-08 23:37:00Z" end-time="2026-04-08 23:37:00Z" duration="0.000003" asserts="0">
          <properties>
            <property name="_SKIPREASON" value="Takes too long, developer already verified in editor manually" />
          </properties>
          <reason>
            <message><![CDATA[Takes too long, developer already verified in editor manually]]></message>
          </reason>
        </test-case>
        <test-case id="1047" name="BuildHierarchy_SeparatedClusters_CreateHierarchyNodes" fullname="CanopyShellGenerationTests.BuildHierarchy_SeparatedClusters_CreateHierarchyNodes" methodname="BuildHierarchy_SeparatedClusters_CreateHierarchyNodes" classname="CanopyShellGenerationTests" runstate="Ignored" seed="1154844222" result="Skipped" label="Ignored" start-time="2026-04-08 23:37:00Z" end-time="2026-04-08 23:37:00Z" duration="0.000002" asserts="0">
          <properties>
            <property name="_SKIPREASON" value="Takes too long, developer already verified in editor manually" />
          </properties>
          <reason>
            <message><![CDATA[Takes too long, developer already verified in editor manually]]></message>
          </reason>
        </test-case>
        <test-case id="1051" name="ImpostorGenerate_FromOriginalTreeMeshes_CreatesReadableCoarseMesh" fullname="CanopyShellGenerationTests.ImpostorGenerate_FromOriginalTreeMeshes_CreatesReadableCoarseMesh" methodname="ImpostorGenerate_FromOriginalTreeMeshes_CreatesReadableCoarseMesh" classname="CanopyShellGenerationTests" runstate="Ignored" seed="46106903" result="Skipped" label="Ignored" start-time="2026-04-08 23:37:00Z" end-time="2026-04-08 23:37:00Z" duration="0.000003" asserts="0">
          <properties>
            <property name="_SKIPREASON" value="Takes too long, developer already verified in editor manually" />
          </properties>
          <reason>
            <message><![CDATA[Takes too long, developer already verified in editor manually]]></message>
          </reason>
        </test-case>
      </test-suite>
      <test-suite type="TestFixture" id="1052" name="VegetationEditorAuthoringTests" fullname="VegetationEditorAuthoringTests" classname="VegetationEditorAuthoringTests" runstate="Runnable" testcasecount="8" result="Skipped" label="Ignored" start-time="2026-04-08 23:37:00Z" end-time="2026-04-08 23:37:00Z" duration="0.019940" total="8" passed="1" failed="0" inconclusive="0" skipped="7" asserts="0">
        <properties />
        <reason>
          <message><![CDATA[One or more child tests were ignored]]></message>
        </reason>
        <test-case id="1059" name="BakeImpostor_FromEditorUtility_StoresMeshInBlueprintSpecifiedFolder" fullname="VegetationEditorAuthoringTests.BakeImpostor_FromEditorUtility_StoresMeshInBlueprintSpecifiedFolder" methodname="BakeImpostor_FromEditorUtility_StoresMeshInBlueprintSpecifiedFolder" classname="VegetationEditorAuthoringTests" runstate="Ignored" seed="1992359632" result="Skipped" label="Ignored" start-time="2026-04-08 23:37:00Z" end-time="2026-04-08 23:37:00Z" duration="0.000003" asserts="0">
          <properties>
            <property name="_SKIPREASON" value="Takes too long, developer already verified in editor manually" />
          </properties>
          <reason>
            <message><![CDATA[Takes too long, developer already verified in editor manually]]></message>
          </reason>
        </test-case>
        <test-case id="1058" name="BakeImpostor_FromEditorUtility_UsesOriginalTreeMeshesWithoutBakingShells" fullname="VegetationEditorAuthoringTests.BakeImpostor_FromEditorUtility_UsesOriginalTreeMeshesWithoutBakingShells" methodname="BakeImpostor_FromEditorUtility_UsesOriginalTreeMeshesWithoutBakingShells" classname="VegetationEditorAuthoringTests" runstate="Ignored" seed="929455628" result="Skipped" label="Ignored" start-time="2026-04-08 23:37:00Z" end-time="2026-04-08 23:37:00Z" duration="0.000002" asserts="0">
          <properties>
            <property name="_SKIPREASON" value="Takes too long, developer already verified in editor manually" />
          </properties>
          <reason>
            <message><![CDATA[Takes too long, developer already verified in editor manually]]></message>
          </reason>
        </test-case>
        <test-case id="1054" name="ClearPreview_RemovesAllChildrenFromBranchRoot" fullname="VegetationEditorAuthoringTests.ClearPreview_RemovesAllChildrenFromBranchRoot" methodname="ClearPreview_RemovesAllChildrenFromBranchRoot" classname="VegetationEditorAuthoringTests" runstate="Runnable" seed="129528251" result="Passed" start-time="2026-04-08 23:37:00Z" end-time="2026-04-08 23:37:00Z" duration="0.014439" asserts="0">
          <properties>
            <property name="retryIteration" value="0" />
            <property name="repeatIteration" value="0" />
          </properties>
        </test-case>
        <test-case id="1060" name="PersistGeneratedMesh_RebuildsStableFlatNormals" fullname="VegetationEditorAuthoringTests.PersistGeneratedMesh_RebuildsStableFlatNormals" methodname="PersistGeneratedMesh_RebuildsStableFlatNormals" classname="VegetationEditorAuthoringTests" runstate="Ignored" seed="1956470164" result="Skipped" label="Ignored" start-time="2026-04-08 23:37:00Z" end-time="2026-04-08 23:37:00Z" duration="0.000005" asserts="0">
          <properties>
            <property name="_SKIPREASON" value="Takes too long, developer already verified in editor manually" />
          </properties>
          <reason>
            <message><![CDATA[Takes too long, developer already verified in editor manually]]></message>
          </reason>
        </test-case>
        <test-case id="1057" name="ShowPreview_Impostor_CreatesSingleImpostorObject" fullname="VegetationEditorAuthoringTests.ShowPreview_Impostor_CreatesSingleImpostorObject" methodname="ShowPreview_Impostor_CreatesSingleImpostorObject" classname="VegetationEditorAuthoringTests" runstate="Ignored" seed="1476215815" result="Skipped" label="Ignored" start-time="2026-04-08 23:37:00Z" end-time="2026-04-08 23:37:00Z" duration="0.000004" asserts="0">
          <properties>
            <property name="_SKIPREASON" value="Takes too long, developer already verified in editor manually" />
          </properties>
          <reason>
            <message><![CDATA[Takes too long, developer already verified in editor manually]]></message>
          </reason>
        </test-case>
        <test-case id="1053" name="ShowPreview_L0_RebuildsTransientHierarchyFromBlueprint" fullname="VegetationEditorAuthoringTests.ShowPreview_L0_RebuildsTransientHierarchyFromBlueprint" methodname="ShowPreview_L0_RebuildsTransientHierarchyFromBlueprint" classname="VegetationEditorAuthoringTests" runstate="Ignored" seed="1055821977" result="Skipped" label="Ignored" start-time="2026-04-08 23:37:00Z" end-time="2026-04-08 23:37:00Z" duration="0.000002" asserts="0">
          <properties>
            <property name="_SKIPREASON" value="Takes too long, developer already verified in editor manually" />
          </properties>
          <reason>
            <message><![CDATA[Takes too long, developer already verified in editor manually]]></message>
          </reason>
        </test-case>
        <test-case id="1056" name="ShowPreview_L2_UsesSimplifiedTrunkMesh" fullname="VegetationEditorAuthoringTests.ShowPreview_L2_UsesSimplifiedTrunkMesh" methodname="ShowPreview_L2_UsesSimplifiedTrunkMesh" classname="VegetationEditorAuthoringTests" runstate="Ignored" seed="428620912" result="Skipped" label="Ignored" start-time="2026-04-08 23:37:00Z" end-time="2026-04-08 23:37:00Z" duration="0.000002" asserts="0">
          <properties>
            <property name="_SKIPREASON" value="Takes too long, developer already verified in editor manually" />
          </properties>
          <reason>
            <message><![CDATA[Takes too long, developer already verified in editor manually]]></message>
          </reason>
        </test-case>
        <test-case id="1055" name="ShowPreview_ShellL1Only_RebuildsBranchHierarchyFromShellNodes" fullname="VegetationEditorAuthoringTests.ShowPreview_ShellL1Only_RebuildsBranchHierarchyFromShellNodes" methodname="ShowPreview_ShellL1Only_RebuildsBranchHierarchyFromShellNodes" classname="VegetationEditorAuthoringTests" runstate="Ignored" seed="1382217874" result="Skipped" label="Ignored" start-time="2026-04-08 23:37:00Z" end-time="2026-04-08 23:37:00Z" duration="0.000003" asserts="0">
          <properties>
            <property name="_SKIPREASON" value="Takes too long, developer already verified in editor manually" />
          </properties>
          <reason>
            <message><![CDATA[Takes too long, developer already verified in editor manually]]></message>
          </reason>
        </test-case>
      </test-suite>
      <test-suite type="TestFixture" id="1061" name="VegetationRuntimeFoundationTests" fullname="VegetationRuntimeFoundationTests" classname="VegetationRuntimeFoundationTests" runstate="Runnable" testcasecount="4" result="Skipped" label="Ignored" start-time="2026-04-08 23:37:00Z" end-time="2026-04-08 23:37:00Z" duration="0.053893" total="4" passed="3" failed="0" inconclusive="0" skipped="1" asserts="0">
        <properties />
        <reason>
          <message><![CDATA[One or more child tests were ignored]]></message>
        </reason>
        <test-case id="1064" name="CpuReferenceEvaluator_ImpostorBand_EmitsImpostorOnly" fullname="VegetationRuntimeFoundationTests.CpuReferenceEvaluator_ImpostorBand_EmitsImpostorOnly" methodname="CpuReferenceEvaluator_ImpostorBand_EmitsImpostorOnly" classname="VegetationRuntimeFoundationTests" runstate="Runnable" seed="1186358901" result="Passed" start-time="2026-04-08 23:37:00Z" end-time="2026-04-08 23:37:00Z" duration="0.028766" asserts="0">
          <properties>
            <property name="retryIteration" value="0" />
            <property name="repeatIteration" value="0" />
          </properties>
        </test-case>
        <test-case id="1063" name="CpuReferenceEvaluator_L1Branch_ExpandsVisibleLeafAndKeepsFullTrunk" fullname="VegetationRuntimeFoundationTests.CpuReferenceEvaluator_L1Branch_ExpandsVisibleLeafAndKeepsFullTrunk" methodname="CpuReferenceEvaluator_L1Branch_ExpandsVisibleLeafAndKeepsFullTrunk" classname="VegetationRuntimeFoundationTests" runstate="Runnable" seed="214766558" result="Passed" start-time="2026-04-08 23:37:00Z" end-time="2026-04-08 23:37:00Z" duration="0.004379" asserts="0">
          <properties>
            <property name="retryIteration" value="0" />
            <property name="repeatIteration" value="0" />
          </properties>
        </test-case>
        <test-case id="1065" name="GpuDecisionPipeline_MatchesCpuReferenceForL1ShellBranch" fullname="VegetationRuntimeFoundationTests.GpuDecisionPipeline_MatchesCpuReferenceForL1ShellBranch" methodname="GpuDecisionPipeline_MatchesCpuReferenceForL1ShellBranch" classname="VegetationRuntimeFoundationTests" runstate="Runnable" seed="1905953572" result="Skipped" label="Ignored" start-time="2026-04-08 23:37:00Z" end-time="2026-04-08 23:37:00Z" duration="0.008457" asserts="0">
          <properties>
            <property name="retryIteration" value="0" />
            <property name="repeatIteration" value="0" />
          </properties>
          <reason>
            <message><![CDATA[VegetationClassify.compute imported without the expected kernels. The Phase D GPU decision path is unavailable in this Unity environment.]]></message>
          </reason>
          <output><![CDATA[Kernel 'ClassifyCells' not found
Kernel 'ClassifyCells' not found
]]></output>
        </test-case>
        <test-case id="1062" name="RuntimeRegistryBuilder_AssignsCellsAndBranchDecisionSlicesDeterministically" fullname="VegetationRuntimeFoundationTests.RuntimeRegistryBuilder_AssignsCellsAndBranchDecisionSlicesDeterministically" methodname="RuntimeRegistryBuilder_AssignsCellsAndBranchDecisionSlicesDeterministically" classname="VegetationRuntimeFoundationTests" runstate="Runnable" seed="1579142014" result="Passed" start-time="2026-04-08 23:37:00Z" end-time="2026-04-08 23:37:00Z" duration="0.007269" asserts="0">
          <properties>
            <property name="retryIteration" value="0" />
            <property name="repeatIteration" value="0" />
          </properties>
          <output><![CDATA[Saving results to: C:/Users/admin/AppData/LocalLow/DefaultCompany/VoxGeoFol\TestResults.xml
Saving results to: C:/Users/admin/AppData/LocalLow/DefaultCompany/VoxGeoFol\TestResults.xml
]]></output>
        </test-case>
      </test-suite>
    </test-suite>
  </test-suite>
</test-run>