<?xml version="1.0" encoding="utf-8"?>
<test-run id="2" testcasecount="22" result="Passed" total="22" passed="22" failed="0" inconclusive="0" skipped="0" asserts="0" engine-version="3.5.0.0" clr-version="4.0.30319.42000" start-time="2026-03-28 21:44:55Z" end-time="2026-03-28 21:44:57Z" duration="2.0129055">
  <test-suite type="TestSuite" id="1000" name="VoxGeoFol" fullname="VoxGeoFol" runstate="Runnable" testcasecount="22" result="Passed" start-time="2026-03-28 21:44:55Z" end-time="2026-03-28 21:44:57Z" duration="2.012906" total="22" passed="22" failed="0" inconclusive="0" skipped="0" asserts="0">
    <properties>
      <property name="platform" value="EditMode" />
    </properties>
    <test-suite type="Assembly" id="1024" name="Tests.dll" fullname="C:/Users/admin/Documents/UnityProjects/VoxGeoFol/Library/ScriptAssemblies/Tests.dll" runstate="Runnable" testcasecount="20" result="Passed" start-time="2026-03-28 21:44:55Z" end-time="2026-03-28 21:44:57Z" duration="1.996215" total="20" passed="20" failed="0" inconclusive="0" skipped="0" asserts="0">
      <properties>
        <property name="_PID" value="95096" />
        <property name="_APPDOMAIN" value="Unity Child Domain" />
        <property name="platform" value="EditMode" />
        <property name="EditorOnly" value="True" />
      </properties>
      <test-suite type="TestFixture" id="1004" name="AuthoringAssetSyncTests" fullname="AuthoringAssetSyncTests" classname="AuthoringAssetSyncTests" runstate="Runnable" testcasecount="4" result="Passed" start-time="2026-03-28 21:44:55Z" end-time="2026-03-28 21:44:57Z" duration="1.954664" total="4" passed="4" failed="0" inconclusive="0" skipped="0" asserts="0">
        <properties />
        <test-case id="1008" name="DeleteOriginals_RemovesAllChildrenFromBranchRoot" fullname="AuthoringAssetSyncTests.DeleteOriginals_RemovesAllChildrenFromBranchRoot" methodname="DeleteOriginals_RemovesAllChildrenFromBranchRoot" classname="AuthoringAssetSyncTests" runstate="Runnable" seed="1408874078" result="Passed" start-time="2026-03-28 21:44:55Z" end-time="2026-03-28 21:44:56Z" duration="0.027111" asserts="0">
          <properties>
            <property name="retryIteration" value="0" />
            <property name="repeatIteration" value="0" />
          </properties>
        </test-case>
        <test-case id="1007" name="ReconstructFromDataAndOriginalBranch_RebuildsBranchHierarchyFromBlueprint" fullname="AuthoringAssetSyncTests.ReconstructFromDataAndOriginalBranch_RebuildsBranchHierarchyFromBlueprint" methodname="ReconstructFromDataAndOriginalBranch_RebuildsBranchHierarchyFromBlueprint" classname="AuthoringAssetSyncTests" runstate="Runnable" seed="212992334" result="Passed" start-time="2026-03-28 21:44:56Z" end-time="2026-03-28 21:44:56Z" duration="0.625857" asserts="0">
          <properties>
            <property name="retryIteration" value="0" />
            <property name="repeatIteration" value="0" />
          </properties>
        </test-case>
        <test-case id="1006" name="RefreshBlueprintFromAssemblyAsset_RebuildsPlacementsAssignsLodProfileAndProducesValidBlueprint" fullname="AuthoringAssetSyncTests.RefreshBlueprintFromAssemblyAsset_RebuildsPlacementsAssignsLodProfileAndProducesValidBlueprint" methodname="RefreshBlueprintFromAssemblyAsset_RebuildsPlacementsAssignsLodProfileAndProducesValidBlueprint" classname="AuthoringAssetSyncTests" runstate="Runnable" seed="921338732" result="Passed" start-time="2026-03-28 21:44:56Z" end-time="2026-03-28 21:44:57Z" duration="1.022878" asserts="0">
          <properties>
            <property name="retryIteration" value="0" />
            <property name="repeatIteration" value="0" />
          </properties>
          <output><![CDATA[Refreshed 'Blueprint' with 2 branch placements. Quantized 1 placement scales to 0.25 steps (max delta 0.0500).
Refreshed 'Blueprint' with 2 branch placements. Quantized 1 placement scales to 0.25 steps (max delta 0.0500).
]]></output>
        </test-case>
        <test-case id="1005" name="RefreshBranchPrototypeLocalBounds_EncapsulatesWoodAndFoliageMeshes" fullname="AuthoringAssetSyncTests.RefreshBranchPrototypeLocalBounds_EncapsulatesWoodAndFoliageMeshes" methodname="RefreshBranchPrototypeLocalBounds_EncapsulatesWoodAndFoliageMeshes" classname="AuthoringAssetSyncTests" runstate="Runnable" seed="151805676" result="Passed" start-time="2026-03-28 21:44:57Z" end-time="2026-03-28 21:44:57Z" duration="0.260788" asserts="0">
          <properties>
            <property name="retryIteration" value="0" />
            <property name="repeatIteration" value="0" />
          </properties>
        </test-case>
      </test-suite>
      <test-suite type="TestFixture" id="1009" name="AuthoringValidationTests" fullname="AuthoringValidationTests" classname="AuthoringValidationTests" runstate="Runnable" testcasecount="14" result="Passed" start-time="2026-03-28 21:44:57Z" end-time="2026-03-28 21:44:57Z" duration="0.028606" total="14" passed="14" failed="0" inconclusive="0" skipped="0" asserts="0">
        <properties />
        <test-case id="1015" name="BranchPrototype_LocalBoundsContainWoodAndFoliage" fullname="AuthoringValidationTests.BranchPrototype_LocalBoundsContainWoodAndFoliage" methodname="BranchPrototype_LocalBoundsContainWoodAndFoliage" classname="AuthoringValidationTests" runstate="Runnable" seed="1560637509" result="Passed" start-time="2026-03-28 21:44:57Z" end-time="2026-03-28 21:44:57Z" duration="0.006127" asserts="0">
          <properties>
            <property name="retryIteration" value="0" />
            <property name="repeatIteration" value="0" />
          </properties>
        </test-case>
        <test-case id="1011" name="BranchPrototype_NullFoliageMesh_FailsValidation" fullname="AuthoringValidationTests.BranchPrototype_NullFoliageMesh_FailsValidation" methodname="BranchPrototype_NullFoliageMesh_FailsValidation" classname="AuthoringValidationTests" runstate="Runnable" seed="1381305983" result="Passed" start-time="2026-03-28 21:44:57Z" end-time="2026-03-28 21:44:57Z" duration="0.000939" asserts="0">
          <properties>
            <property name="retryIteration" value="0" />
            <property name="repeatIteration" value="0" />
          </properties>
        </test-case>
        <test-case id="1010" name="BranchPrototype_NullWoodMesh_FailsValidation" fullname="AuthoringValidationTests.BranchPrototype_NullWoodMesh_FailsValidation" methodname="BranchPrototype_NullWoodMesh_FailsValidation" classname="AuthoringValidationTests" runstate="Runnable" seed="153031652" result="Passed" start-time="2026-03-28 21:44:57Z" end-time="2026-03-28 21:44:57Z" duration="0.000603" asserts="0">
          <properties>
            <property name="retryIteration" value="0" />
            <property name="repeatIteration" value="0" />
          </properties>
        </test-case>
        <test-case id="1016" name="BranchPrototype_ShellTriangleOrder_L0GreaterThanL1GreaterThanL2" fullname="AuthoringValidationTests.BranchPrototype_ShellTriangleOrder_L0GreaterThanL1GreaterThanL2" methodname="BranchPrototype_ShellTriangleOrder_L0GreaterThanL1GreaterThanL2" classname="AuthoringValidationTests" runstate="Runnable" seed="273791760" result="Passed" start-time="2026-03-28 21:44:57Z" end-time="2026-03-28 21:44:57Z" duration="0.001184" asserts="0">
          <properties>
            <property name="retryIteration" value="0" />
            <property name="repeatIteration" value="0" />
          </properties>
        </test-case>
        <test-case id="1012" name="BranchPrototype_SourceMeshesMustBeReadable" fullname="AuthoringValidationTests.BranchPrototype_SourceMeshesMustBeReadable" methodname="BranchPrototype_SourceMeshesMustBeReadable" classname="AuthoringValidationTests" runstate="Runnable" seed="1962179718" result="Passed" start-time="2026-03-28 21:44:57Z" end-time="2026-03-28 21:44:57Z" duration="0.001114" asserts="0">
          <properties>
            <property name="retryIteration" value="0" />
            <property name="repeatIteration" value="0" />
          </properties>
        </test-case>
        <test-case id="1013" name="BranchPrototype_TransparentMaterial_FailsValidation" fullname="AuthoringValidationTests.BranchPrototype_TransparentMaterial_FailsValidation" methodname="BranchPrototype_TransparentMaterial_FailsValidation" classname="AuthoringValidationTests" runstate="Runnable" seed="667679535" result="Passed" start-time="2026-03-28 21:44:57Z" end-time="2026-03-28 21:44:57Z" duration="0.000967" asserts="0">
          <properties>
            <property name="retryIteration" value="0" />
            <property name="repeatIteration" value="0" />
          </properties>
        </test-case>
        <test-case id="1014" name="BranchPrototype_TriangleBudget_FailsValidation" fullname="AuthoringValidationTests.BranchPrototype_TriangleBudget_FailsValidation" methodname="BranchPrototype_TriangleBudget_FailsValidation" classname="AuthoringValidationTests" runstate="Runnable" seed="1712914297" result="Passed" start-time="2026-03-28 21:44:57Z" end-time="2026-03-28 21:44:57Z" duration="0.000631" asserts="0">
          <properties>
            <property name="retryIteration" value="0" />
            <property name="repeatIteration" value="0" />
          </properties>
        </test-case>
        <test-case id="1020" name="TreeBlueprint_BoundsContainAllBranches" fullname="AuthoringValidationTests.TreeBlueprint_BoundsContainAllBranches" methodname="TreeBlueprint_BoundsContainAllBranches" classname="AuthoringValidationTests" runstate="Runnable" seed="814830832" result="Passed" start-time="2026-03-28 21:44:57Z" end-time="2026-03-28 21:44:57Z" duration="0.001451" asserts="0">
          <properties>
            <property name="retryIteration" value="0" />
            <property name="repeatIteration" value="0" />
          </properties>
        </test-case>
        <test-case id="1018" name="TreeBlueprint_EmptyBranches_FailsValidation" fullname="AuthoringValidationTests.TreeBlueprint_EmptyBranches_FailsValidation" methodname="TreeBlueprint_EmptyBranches_FailsValidation" classname="AuthoringValidationTests" runstate="Runnable" seed="2021798132" result="Passed" start-time="2026-03-28 21:44:57Z" end-time="2026-03-28 21:44:57Z" duration="0.000853" asserts="0">
          <properties>
            <property name="retryIteration" value="0" />
            <property name="repeatIteration" value="0" />
          </properties>
        </test-case>
        <test-case id="1021" name="TreeBlueprint_ImpostorTriangleBudget_Under200" fullname="AuthoringValidationTests.TreeBlueprint_ImpostorTriangleBudget_Under200" methodname="TreeBlueprint_ImpostorTriangleBudget_Under200" classname="AuthoringValidationTests" runstate="Runnable" seed="1019392638" result="Passed" start-time="2026-03-28 21:44:57Z" end-time="2026-03-28 21:44:57Z" duration="0.001338" asserts="0">
          <properties>
            <property name="retryIteration" value="0" />
            <property name="repeatIteration" value="0" />
          </properties>
        </test-case>
        <test-case id="1019" name="TreeBlueprint_LODThresholds_MonotonicallyDecreasing" fullname="AuthoringValidationTests.TreeBlueprint_LODThresholds_MonotonicallyDecreasing" methodname="TreeBlueprint_LODThresholds_MonotonicallyDecreasing" classname="AuthoringValidationTests" runstate="Runnable" seed="585362387" result="Passed" start-time="2026-03-28 21:44:57Z" end-time="2026-03-28 21:44:57Z" duration="0.001076" asserts="0">
          <properties>
            <property name="retryIteration" value="0" />
            <property name="repeatIteration" value="0" />
          </properties>
        </test-case>
        <test-case id="1017" name="TreeBlueprint_NullTrunk_FailsValidation" fullname="AuthoringValidationTests.TreeBlueprint_NullTrunk_FailsValidation" methodname="TreeBlueprint_NullTrunk_FailsValidation" classname="AuthoringValidationTests" runstate="Runnable" seed="1402531720" result="Passed" start-time="2026-03-28 21:44:57Z" end-time="2026-03-28 21:44:57Z" duration="0.001294" asserts="0">
          <properties>
            <property name="retryIteration" value="0" />
            <property name="repeatIteration" value="0" />
          </properties>
        </test-case>
        <test-case id="1022" name="TreeBlueprint_ScaleConstraint_OnlyAllowedValues" fullname="AuthoringValidationTests.TreeBlueprint_ScaleConstraint_OnlyAllowedValues" methodname="TreeBlueprint_ScaleConstraint_OnlyAllowedValues" classname="AuthoringValidationTests" runstate="Runnable" seed="1192359173" result="Passed" start-time="2026-03-28 21:44:57Z" end-time="2026-03-28 21:44:57Z" duration="0.000885" asserts="0">
          <properties>
            <property name="retryIteration" value="0" />
            <property name="repeatIteration" value="0" />
          </properties>
        </test-case>
        <test-case id="1023" name="TreeBlueprint_ValidBlueprint_PassesValidation" fullname="AuthoringValidationTests.TreeBlueprint_ValidBlueprint_PassesValidation" methodname="TreeBlueprint_ValidBlueprint_PassesValidation" classname="AuthoringValidationTests" runstate="Runnable" seed="1749814290" result="Passed" start-time="2026-03-28 21:44:57Z" end-time="2026-03-28 21:44:57Z" duration="0.001129" asserts="0">
          <properties>
            <property name="retryIteration" value="0" />
            <property name="repeatIteration" value="0" />
          </properties>
        </test-case>
      </test-suite>
      <test-suite type="TestFixture" id="1001" name="InitialTests" fullname="InitialTests" classname="InitialTests" runstate="Runnable" testcasecount="2" result="Passed" start-time="2026-03-28 21:44:57Z" end-time="2026-03-28 21:44:57Z" duration="0.010536" total="2" passed="2" failed="0" inconclusive="0" skipped="0" asserts="0">
        <properties />
        <test-case id="1002" name="InitialTestsSimplePasses" fullname="InitialTests.InitialTestsSimplePasses" methodname="InitialTestsSimplePasses" classname="InitialTests" runstate="Runnable" seed="1351889676" result="Passed" start-time="2026-03-28 21:44:57Z" end-time="2026-03-28 21:44:57Z" duration="0.001717" asserts="0">
          <properties>
            <property name="retryIteration" value="0" />
            <property name="repeatIteration" value="0" />
          </properties>
        </test-case>
        <test-case id="1003" name="InitialTestsWithEnumeratorPasses" fullname="InitialTests.InitialTestsWithEnumeratorPasses" methodname="InitialTestsWithEnumeratorPasses" classname="InitialTests" runstate="Runnable" seed="157512732" result="Passed" start-time="2026-03-28 21:44:57Z" end-time="2026-03-28 21:44:57Z" duration="0.006616" asserts="0">
          <properties>
            <property name="_JOINTYPE" value="UnityCombinatorial" />
            <property name="retryIteration" value="0" />
            <property name="repeatIteration" value="0" />
          </properties>
        </test-case>
      </test-suite>
    </test-suite>
    <test-suite type="Assembly" id="1027" name="Unity.Addressables.DocExampleCode.Editor.Tests.dll" fullname="C:/Users/admin/Documents/UnityProjects/VoxGeoFol/Library/ScriptAssemblies/Unity.Addressables.DocExampleCode.Editor.Tests.dll" runstate="Runnable" testcasecount="1" result="Passed" start-time="2026-03-28 21:44:57Z" end-time="2026-03-28 21:44:57Z" duration="0.003072" total="1" passed="1" failed="0" inconclusive="0" skipped="0" asserts="0">
      <properties>
        <property name="_PID" value="95096" />
        <property name="_APPDOMAIN" value="Unity Child Domain" />
        <property name="platform" value="EditMode" />
        <property name="EditorOnly" value="True" />
      </properties>
      <test-suite type="TestSuite" id="1028" name="AddressableAssets" fullname="AddressableAssets" runstate="Runnable" testcasecount="1" result="Passed" start-time="2026-03-28 21:44:57Z" end-time="2026-03-28 21:44:57Z" duration="0.002567" total="1" passed="1" failed="0" inconclusive="0" skipped="0" asserts="0">
        <properties />
        <test-suite type="TestSuite" id="1029" name="DocExampleCode" fullname="AddressableAssets.DocExampleCode" runstate="Runnable" testcasecount="1" result="Passed" start-time="2026-03-28 21:44:57Z" end-time="2026-03-28 21:44:57Z" duration="0.001974" total="1" passed="1" failed="0" inconclusive="0" skipped="0" asserts="0">
          <properties />
          <test-suite type="TestFixture" id="1025" name="TestStub" fullname="AddressableAssets.DocExampleCode.TestStub" classname="AddressableAssets.DocExampleCode.TestStub" runstate="Runnable" testcasecount="1" result="Passed" start-time="2026-03-28 21:44:57Z" end-time="2026-03-28 21:44:57Z" duration="0.001352" total="1" passed="1" failed="0" inconclusive="0" skipped="0" asserts="0">
            <properties />
            <test-case id="1026" name="RequiredTest" fullname="AddressableAssets.DocExampleCode.TestStub.RequiredTest" methodname="RequiredTest" classname="AddressableAssets.DocExampleCode.TestStub" runstate="Runnable" seed="1712091398" result="Passed" start-time="2026-03-28 21:44:57Z" end-time="2026-03-28 21:44:57Z" duration="0.000235" asserts="0">
              <properties>
                <property name="retryIteration" value="0" />
                <property name="repeatIteration" value="0" />
              </properties>
            </test-case>
          </test-suite>
        </test-suite>
      </test-suite>
    </test-suite>
    <test-suite type="Assembly" id="1035" name="Unity.RenderPipelines.Universal.Config.Editor.Tests.dll" fullname="C:/Users/admin/Documents/UnityProjects/VoxGeoFol/Library/ScriptAssemblies/Unity.RenderPipelines.Universal.Config.Editor.Tests.dll" runstate="Runnable" testcasecount="1" result="Passed" start-time="2026-03-28 21:44:57Z" end-time="2026-03-28 21:44:57Z" duration="0.004045" total="1" passed="1" failed="0" inconclusive="0" skipped="0" asserts="0">
      <properties>
        <property name="_PID" value="95096" />
        <property name="_APPDOMAIN" value="Unity Child Domain" />
        <property name="platform" value="EditMode" />
        <property name="EditorOnly" value="True" />
      </properties>
      <test-suite type="TestSuite" id="1036" name="UnityEngine" fullname="UnityEngine" runstate="Runnable" testcasecount="1" result="Passed" start-time="2026-03-28 21:44:57Z" end-time="2026-03-28 21:44:57Z" duration="0.003552" total="1" passed="1" failed="0" inconclusive="0" skipped="0" asserts="0">
        <properties />
        <test-suite type="TestSuite" id="1037" name="Rendering" fullname="UnityEngine.Rendering" runstate="Runnable" testcasecount="1" result="Passed" start-time="2026-03-28 21:44:57Z" end-time="2026-03-28 21:44:57Z" duration="0.003151" total="1" passed="1" failed="0" inconclusive="0" skipped="0" asserts="0">
          <properties />
          <test-suite type="TestSuite" id="1038" name="Universal" fullname="UnityEngine.Rendering.Universal" runstate="Runnable" testcasecount="1" result="Passed" start-time="2026-03-28 21:44:57Z" end-time="2026-03-28 21:44:57Z" duration="0.002688" total="1" passed="1" failed="0" inconclusive="0" skipped="0" asserts="0">
            <properties />
            <test-suite type="TestSuite" id="1039" name="Test" fullname="UnityEngine.Rendering.Universal.Test" runstate="Runnable" testcasecount="1" result="Passed" start-time="2026-03-28 21:44:57Z" end-time="2026-03-28 21:44:57Z" duration="0.002206" total="1" passed="1" failed="0" inconclusive="0" skipped="0" asserts="0">
              <properties />
              <test-suite type="TestFixture" id="1033" name="ConfigurationTest" fullname="UnityEngine.Rendering.Universal.Test.ConfigurationTest" classname="UnityEngine.Rendering.Universal.Test.ConfigurationTest" runstate="Runnable" testcasecount="1" result="Passed" start-time="2026-03-28 21:44:57Z" end-time="2026-03-28 21:44:57Z" duration="0.001690" total="1" passed="1" failed="0" inconclusive="0" skipped="0" asserts="0">
                <properties />
                <test-case id="1034" name="ValidateConfiguration" fullname="UnityEngine.Rendering.Universal.Test.ConfigurationTest.ValidateConfiguration" methodname="ValidateConfiguration" classname="UnityEngine.Rendering.Universal.Test.ConfigurationTest" runstate="Runnable" seed="1176360965" result="Passed" start-time="2026-03-28 21:44:57Z" end-time="2026-03-28 21:44:57Z" duration="0.000326" asserts="0">
                  <properties>
                    <property name="retryIteration" value="0" />
                    <property name="repeatIteration" value="0" />
                  </properties>
                  <output><![CDATA[Saving results to: C:/Users/admin/AppData/LocalLow/DefaultCompany/VoxGeoFol\TestResults.xml
Saving results to: C:/Users/admin/AppData/LocalLow/DefaultCompany/VoxGeoFol\TestResults.xml
]]></output>
                </test-case>
              </test-suite>
            </test-suite>
          </test-suite>
        </test-suite>
      </test-suite>
    </test-suite>
  </test-suite>
</test-run>